{"name":"dsc","hostname":"DESKTOP-VNO46U3","pid":6956,"level":30,"msg":"DB Connected successfully...","time":"2020-02-16T06:52:24.329Z","v":0}
{"name":"dsc","hostname":"DESKTOP-VNO46U3","pid":6956,"level":30,"msg":"DB Connected successfully...","time":"2020-02-16T06:52:24.532Z","v":0}
{"name":"dsc","hostname":"DESKTOP-VNO46U3","pid":6956,"level":30,"msg":"Comapny Controller called","time":"2020-02-16T06:52:26.235Z","v":0}
{"name":"dsc","hostname":"DESKTOP-VNO46U3","pid":6956,"level":30,"msg":"Company service called","time":"2020-02-16T06:52:26.235Z","v":0}
{"name":"dsc","hostname":"DESKTOP-VNO46U3","pid":6956,"level":30,"msg":"DB Connected successfully...","time":"2020-02-16T06:52:26.236Z","v":0}
{"name":"dsc","hostname":"DESKTOP-VNO46U3","pid":6956,"level":30,"msg":"Comapany DAO called","time":"2020-02-16T06:52:26.245Z","v":0}
{"name":"dsc","hostname":"DESKTOP-VNO46U3","pid":6956,"level":30,"msg":"JWT token generation method called","time":"2020-02-16T06:52:26.246Z","v":0}
{"name":"dsc","hostname":"DESKTOP-VNO46U3","pid":6956,"level":30,"msg":"DB Connected successfully...","time":"2020-02-16T06:54:37.316Z","v":0}
{"name":"dsc","hostname":"DESKTOP-VNO46U3","pid":10428,"level":30,"msg":"DB Connected successfully...","time":"2020-02-16T07:23:38.928Z","v":0}
{"name":"dsc","hostname":"DESKTOP-VNO46U3","pid":11776,"level":30,"msg":"DB Connected successfully...","time":"2020-02-16T07:26:06.204Z","v":0}
{"name":"dsc","hostname":"DESKTOP-VNO46U3","pid":11776,"level":30,"msg":"JWT token generation method called","time":"2020-02-16T07:26:08.664Z","v":0}
{"name":"dsc","hostname":"DESKTOP-VNO46U3","pid":12108,"level":30,"msg":"DB Connected successfully...","time":"2020-02-16T07:28:04.522Z","v":0}
{"name":"dsc","hostname":"DESKTOP-VNO46U3","pid":12108,"level":30,"msg":"JWT token generation method called","time":"2020-02-16T07:28:06.273Z","v":0}
{"name":"dsc","hostname":"OJAS-DD132","pid":6239,"level":30,"msg":"DB Connected successfully...","time":"2020-02-17T05:19:03.531Z","v":0}
{"name":"dsc","hostname":"OJAS-DD132","pid":6239,"level":30,"msg":"JWT token generation method called","time":"2020-02-17T05:19:04.181Z","v":0}
{"name":"dsc","hostname":"OJAS-DD132","pid":24600,"level":30,"msg":"DB Connected successfully...","time":"2020-02-17T08:38:03.316Z","v":0}
{"name":"dsc","hostname":"OJAS-DD132","pid":24600,"level":30,"msg":"JWT token generation method called","time":"2020-02-17T08:38:03.896Z","v":0}
{"name":"dsc","hostname":"OJAS-DD132","pid":2565,"level":30,"msg":"DB Connected successfully...","time":"2020-02-17T09:14:17.752Z","v":0}
{"name":"dsc","hostname":"OJAS-DD132","pid":2565,"level":30,"msg":"JWT token generation method called","time":"2020-02-17T09:14:18.326Z","v":0}
{"name":"dsc","hostname":"OJAS-DD132","pid":2565,"level":30,"msg":"DB Connected successfully...","time":"2020-02-17T09:14:22.535Z","v":0}
{"name":"dsc","hostname":"OJAS-DD132","pid":2565,"level":30,"msg":"JWT token generation method called","time":"2020-02-17T09:14:23.108Z","v":0}
{"name":"dsc","hostname":"OJAS-DD132","pid":12702,"level":30,"msg":"JWT token verification method called","time":"2020-02-17T10:24:19.565Z","v":0}
{"name":"dsc","hostname":"OJAS-DD132","pid":12702,"level":50,"err":{"message":"invalid token","name":"JsonWebTokenError","stack":"JsonWebTokenError: invalid token\n    at Object.module.exports [as verify] (/home/sssahu/Desktop/Dev/ApplicationNode/node_modules/jsonwebtoken/verify.js:75:17)\n    at Function.<anonymous> (/home/sssahu/Desktop/Dev/ApplicationNode/dist/src/model/class/jwt.class.js:34:53)\n    at Generator.next (<anonymous>)\n    at /home/sssahu/Desktop/Dev/ApplicationNode/dist/src/model/class/jwt.class.js:8:71\n    at new Promise (<anonymous>)\n    at __awaiter (/home/sssahu/Desktop/Dev/ApplicationNode/dist/src/model/class/jwt.class.js:4:12)\n    at Function.verifyToken (/home/sssahu/Desktop/Dev/ApplicationNode/dist/src/model/class/jwt.class.js:31:16)\n    at /home/sssahu/Desktop/Dev/ApplicationNode/dist/src/controller/user.controller.js:26:48\n    at Generator.next (<anonymous>)\n    at /home/sssahu/Desktop/Dev/ApplicationNode/dist/src/controller/user.controller.js:8:71"},"msg":"invalid token","time":"2020-02-17T10:24:19.566Z","v":0}
{"name":"dsc","hostname":"OJAS-DD132","pid":12702,"level":50,"err":{"message":"invalid token","name":"JsonWebTokenError","stack":"JsonWebTokenError: invalid token\n    at Object.module.exports [as verify] (/home/sssahu/Desktop/Dev/ApplicationNode/node_modules/jsonwebtoken/verify.js:75:17)\n    at Function.<anonymous> (/home/sssahu/Desktop/Dev/ApplicationNode/dist/src/model/class/jwt.class.js:34:53)\n    at Generator.next (<anonymous>)\n    at /home/sssahu/Desktop/Dev/ApplicationNode/dist/src/model/class/jwt.class.js:8:71\n    at new Promise (<anonymous>)\n    at __awaiter (/home/sssahu/Desktop/Dev/ApplicationNode/dist/src/model/class/jwt.class.js:4:12)\n    at Function.verifyToken (/home/sssahu/Desktop/Dev/ApplicationNode/dist/src/model/class/jwt.class.js:31:16)\n    at /home/sssahu/Desktop/Dev/ApplicationNode/dist/src/controller/user.controller.js:26:48\n    at Generator.next (<anonymous>)\n    at /home/sssahu/Desktop/Dev/ApplicationNode/dist/src/controller/user.controller.js:8:71"},"msg":"invalid token","time":"2020-02-17T10:24:19.566Z","v":0}
{"name":"dsc","hostname":"OJAS-DD132","pid":12702,"level":50,"err":{"message":"invalid token","name":"JsonWebTokenError","stack":"JsonWebTokenError: invalid token\n    at Object.module.exports [as verify] (/home/sssahu/Desktop/Dev/ApplicationNode/node_modules/jsonwebtoken/verify.js:75:17)\n    at Function.<anonymous> (/home/sssahu/Desktop/Dev/ApplicationNode/dist/src/model/class/jwt.class.js:34:53)\n    at Generator.next (<anonymous>)\n    at /home/sssahu/Desktop/Dev/ApplicationNode/dist/src/model/class/jwt.class.js:8:71\n    at new Promise (<anonymous>)\n    at __awaiter (/home/sssahu/Desktop/Dev/ApplicationNode/dist/src/model/class/jwt.class.js:4:12)\n    at Function.verifyToken (/home/sssahu/Desktop/Dev/ApplicationNode/dist/src/model/class/jwt.class.js:31:16)\n    at /home/sssahu/Desktop/Dev/ApplicationNode/dist/src/controller/user.controller.js:26:48\n    at Generator.next (<anonymous>)\n    at /home/sssahu/Desktop/Dev/ApplicationNode/dist/src/controller/user.controller.js:8:71"},"msg":"invalid token","time":"2020-02-17T10:24:19.566Z","v":0}
{"name":"dsc","hostname":"OJAS-DD132","pid":12825,"level":30,"msg":"DB Connected successfully...","time":"2020-02-17T10:24:52.501Z","v":0}
{"name":"dsc","hostname":"OJAS-DD132","pid":16889,"level":30,"msg":"DB Connected successfully...","time":"2020-02-17T11:09:00.740Z","v":0}
{"name":"dsc","hostname":"OJAS-DD132","pid":17087,"level":30,"msg":"DB Connected successfully...","time":"2020-02-17T11:09:19.773Z","v":0}
{"name":"dsc","hostname":"OJAS-DD132","pid":17281,"level":30,"msg":"DB Connected successfully...","time":"2020-02-17T11:10:06.184Z","v":0}
