{"name":"dsc","hostname":"DESKTOP-VNO46U3","pid":11424,"level":30,"msg":"DB Connected successfully...","time":"2020-02-09T14:24:22.156Z","v":0}
{"name":"dsc","hostname":"DESKTOP-VNO46U3","pid":11424,"level":30,"msg":"Comapany DAO called","time":"2020-02-09T14:24:22.170Z","v":0}
{"name":"dsc","hostname":"DESKTOP-VNO46U3","pid":11424,"level":30,"msg":"Company service called","time":"2020-02-09T14:24:22.171Z","v":0}
{"name":"dsc","hostname":"DESKTOP-VNO46U3","pid":11424,"level":30,"msg":"Comapny Controller called","time":"2020-02-09T14:24:22.171Z","v":0}
{"name":"dsc","hostname":"OJAS-DD135","pid":1679,"level":30,"msg":"Comapny Controller called","time":"2020-02-11T03:44:57.562Z","v":0}
{"name":"dsc","hostname":"OJAS-DD135","pid":1679,"level":30,"msg":"Company service called","time":"2020-02-11T03:44:57.562Z","v":0}
{"name":"dsc","hostname":"OJAS-DD135","pid":1679,"level":30,"msg":"DB Connected successfully...","time":"2020-02-11T03:44:57.585Z","v":0}
{"name":"dsc","hostname":"OJAS-DD135","pid":1679,"level":30,"msg":"Comapany DAO called","time":"2020-02-11T03:44:58.153Z","v":0}
{"name":"dsc","hostname":"OJAS-DD135","pid":1679,"level":30,"msg":"Comapny Controller called","time":"2020-02-11T03:49:07.570Z","v":0}
{"name":"dsc","hostname":"OJAS-DD135","pid":1679,"level":30,"msg":"Company service called","time":"2020-02-11T03:49:07.573Z","v":0}
{"name":"dsc","hostname":"OJAS-DD135","pid":1679,"level":30,"msg":"DB Connected successfully...","time":"2020-02-11T03:49:07.573Z","v":0}
{"name":"dsc","hostname":"OJAS-DD135","pid":1679,"level":30,"msg":"Comapany DAO called","time":"2020-02-11T03:49:07.576Z","v":0}
{"name":"dsc","hostname":"OJAS-DD135","pid":2518,"level":30,"msg":"Comapny Controller called","time":"2020-02-11T03:54:37.127Z","v":0}
{"name":"dsc","hostname":"OJAS-DD135","pid":2518,"level":30,"msg":"Company service called","time":"2020-02-11T03:54:37.128Z","v":0}
{"name":"dsc","hostname":"OJAS-DD135","pid":2518,"level":30,"msg":"DB Connected successfully...","time":"2020-02-11T03:54:37.154Z","v":0}
{"name":"dsc","hostname":"OJAS-DD135","pid":2518,"level":30,"msg":"Comapany DAO called","time":"2020-02-11T03:54:37.163Z","v":0}
{"name":"dsc","hostname":"OJAS-DD135","pid":2518,"level":30,"msg":"Comapny Controller called","time":"2020-02-11T03:54:40.882Z","v":0}
{"name":"dsc","hostname":"OJAS-DD135","pid":2518,"level":30,"msg":"Company service called","time":"2020-02-11T03:54:40.882Z","v":0}
{"name":"dsc","hostname":"OJAS-DD135","pid":2518,"level":30,"msg":"DB Connected successfully...","time":"2020-02-11T03:54:40.882Z","v":0}
{"name":"dsc","hostname":"OJAS-DD135","pid":2518,"level":30,"msg":"Comapany DAO called","time":"2020-02-11T03:54:40.884Z","v":0}
{"name":"dsc","hostname":"OJAS-DD135","pid":2518,"level":30,"msg":"Comapny Controller called","time":"2020-02-11T03:54:50.325Z","v":0}
{"name":"dsc","hostname":"OJAS-DD135","pid":2518,"level":30,"msg":"Company service called","time":"2020-02-11T03:54:50.325Z","v":0}
{"name":"dsc","hostname":"OJAS-DD135","pid":2518,"level":30,"msg":"DB Connected successfully...","time":"2020-02-11T03:54:50.325Z","v":0}
{"name":"dsc","hostname":"OJAS-DD135","pid":2518,"level":30,"msg":"Comapany DAO called","time":"2020-02-11T03:54:50.328Z","v":0}
{"name":"dsc","hostname":"OJAS-DD135","pid":22245,"level":30,"msg":"Comapny Controller called","time":"2020-02-11T09:04:31.219Z","v":0}
{"name":"dsc","hostname":"OJAS-DD135","pid":22245,"level":30,"msg":"Company service called","time":"2020-02-11T09:04:31.220Z","v":0}
{"name":"dsc","hostname":"OJAS-DD135","pid":22245,"level":30,"msg":"DB Connected successfully...","time":"2020-02-11T09:04:31.386Z","v":0}
{"name":"dsc","hostname":"OJAS-DD135","pid":22245,"level":30,"msg":"Comapany DAO called","time":"2020-02-11T09:04:31.409Z","v":0}
{"name":"dsc","hostname":"OJAS-DD135","pid":22652,"level":30,"msg":"Comapny Controller called","time":"2020-02-11T09:07:48.042Z","v":0}
{"name":"dsc","hostname":"OJAS-DD135","pid":22652,"level":30,"msg":"Company service called","time":"2020-02-11T09:07:48.043Z","v":0}
{"name":"dsc","hostname":"OJAS-DD135","pid":22652,"level":30,"msg":"DB Connected successfully...","time":"2020-02-11T09:07:48.069Z","v":0}
{"name":"dsc","hostname":"OJAS-DD135","pid":22652,"level":30,"msg":"Comapany DAO called","time":"2020-02-11T09:07:48.079Z","v":0}
{"name":"dsc","hostname":"OJAS-DD135","pid":22652,"level":30,"msg":"Comapny Controller called","time":"2020-02-11T09:07:49.634Z","v":0}
{"name":"dsc","hostname":"OJAS-DD135","pid":22652,"level":30,"msg":"Company service called","time":"2020-02-11T09:07:49.636Z","v":0}
{"name":"dsc","hostname":"OJAS-DD135","pid":22652,"level":30,"msg":"DB Connected successfully...","time":"2020-02-11T09:07:49.636Z","v":0}
{"name":"dsc","hostname":"OJAS-DD135","pid":22652,"level":30,"msg":"Comapany DAO called","time":"2020-02-11T09:07:49.651Z","v":0}
{"name":"dsc","hostname":"OJAS-DD135","pid":24051,"level":30,"msg":"Comapny Controller called","time":"2020-02-11T09:16:32.873Z","v":0}
{"name":"dsc","hostname":"OJAS-DD135","pid":24051,"level":30,"msg":"Company service called","time":"2020-02-11T09:16:32.877Z","v":0}
{"name":"dsc","hostname":"OJAS-DD135","pid":24051,"level":30,"msg":"DB Connected successfully...","time":"2020-02-11T09:16:32.905Z","v":0}
{"name":"dsc","hostname":"OJAS-DD135","pid":24051,"level":30,"msg":"Comapany DAO called","time":"2020-02-11T09:16:32.917Z","v":0}
{"name":"dsc","hostname":"OJAS-DD135","pid":24165,"level":30,"msg":"Comapny Controller called","time":"2020-02-11T09:17:30.959Z","v":0}
{"name":"dsc","hostname":"OJAS-DD135","pid":24165,"level":30,"msg":"Company service called","time":"2020-02-11T09:17:30.962Z","v":0}
{"name":"dsc","hostname":"OJAS-DD135","pid":24165,"level":30,"msg":"DB Connected successfully...","time":"2020-02-11T09:17:30.994Z","v":0}
{"name":"dsc","hostname":"OJAS-DD135","pid":24165,"level":30,"msg":"Comapany DAO called","time":"2020-02-11T09:17:31.003Z","v":0}
{"name":"dsc","hostname":"OJAS-DD135","pid":2478,"level":30,"msg":"DB Connected successfully...","time":"2020-02-11T10:48:37.393Z","v":0}
{"name":"dsc","hostname":"OJAS-DD135","pid":3722,"level":30,"msg":"DB Connected successfully...","time":"2020-02-11T11:02:51.966Z","v":0}
{"name":"dsc","hostname":"OJAS-DD135","pid":3722,"level":50,"msg":"Company DAO errorTypeError: Cannot read property 'find' of undefined","time":"2020-02-11T11:02:51.967Z","v":0}
{"name":"dsc","hostname":"OJAS-DD135","pid":3722,"level":30,"msg":"DB Connected successfully...","time":"2020-02-11T11:02:59.623Z","v":0}
{"name":"dsc","hostname":"OJAS-DD135","pid":3722,"level":50,"msg":"Company DAO errorTypeError: Cannot read property 'find' of undefined","time":"2020-02-11T11:02:59.624Z","v":0}
{"name":"dsc","hostname":"OJAS-DD135","pid":3855,"level":30,"msg":"DB Connected successfully...","time":"2020-02-11T11:03:35.096Z","v":0}
{"name":"dsc","hostname":"OJAS-DD135","pid":3855,"level":50,"msg":"Company DAO errorTypeError: db.collection is not a function","time":"2020-02-11T11:03:35.097Z","v":0}
{"name":"dsc","hostname":"OJAS-DD135","pid":3855,"level":30,"msg":"DB Connected successfully...","time":"2020-02-11T11:05:09.046Z","v":0}
{"name":"dsc","hostname":"OJAS-DD135","pid":3855,"level":50,"msg":"Company DAO errorTypeError: db.collection is not a function","time":"2020-02-11T11:05:09.047Z","v":0}
{"name":"dsc","hostname":"OJAS-DD135","pid":4628,"level":30,"msg":"DB Connected successfully...","time":"2020-02-11T11:06:25.636Z","v":0}
{"name":"dsc","hostname":"OJAS-DD135","pid":4628,"level":50,"msg":"Company DAO errorTypeError: db.collection is not a function","time":"2020-02-11T11:06:25.637Z","v":0}
{"name":"dsc","hostname":"OJAS-DD135","pid":5299,"level":30,"msg":"DB Connected successfully...","time":"2020-02-11T11:09:11.333Z","v":0}
{"name":"dsc","hostname":"OJAS-DD135","pid":5299,"level":50,"msg":"Company DAO errorTypeError: Cannot read property 'find' of undefined","time":"2020-02-11T11:09:11.333Z","v":0}
{"name":"dsc","hostname":"OJAS-DD135","pid":5359,"level":30,"msg":"DB Connected successfully...","time":"2020-02-11T11:09:30.990Z","v":0}
{"name":"dsc","hostname":"OJAS-DD135","pid":5359,"level":50,"msg":"Company DAO errorTypeError: Cannot read property 'find' of undefined","time":"2020-02-11T11:09:30.991Z","v":0}
{"name":"dsc","hostname":"OJAS-DD135","pid":5525,"level":30,"msg":"DB Connected successfully...","time":"2020-02-11T11:10:45.947Z","v":0}
{"name":"dsc","hostname":"OJAS-DD135","pid":5677,"level":30,"msg":"DB Connected successfully...","time":"2020-02-11T11:11:49.879Z","v":0}
{"name":"dsc","hostname":"OJAS-DD135","pid":5735,"level":30,"msg":"DB Connected successfully...","time":"2020-02-11T11:12:05.455Z","v":0}
{"name":"dsc","hostname":"OJAS-DD135","pid":5824,"level":30,"msg":"DB Connected successfully...","time":"2020-02-11T11:13:14.398Z","v":0}
{"name":"dsc","hostname":"OJAS-DD135","pid":6111,"level":30,"msg":"DB Connected successfully...","time":"2020-02-11T11:14:45.755Z","v":0}
{"name":"dsc","hostname":"OJAS-DD135","pid":6111,"level":50,"msg":"Company DAO errorTypeError: db.db is not a function","time":"2020-02-11T11:14:45.756Z","v":0}
{"name":"dsc","hostname":"OJAS-DD135","pid":6334,"level":30,"msg":"DB Connected successfully...","time":"2020-02-11T11:16:27.529Z","v":0}
{"name":"dsc","hostname":"OJAS-DD135","pid":8109,"level":30,"msg":"DB Connected successfully...","time":"2020-02-11T12:05:16.561Z","v":0}
{"name":"dsc","hostname":"OJAS-DD135","pid":8162,"level":30,"msg":"DB Connected successfully...","time":"2020-02-11T12:05:29.135Z","v":0}
{"name":"dsc","hostname":"OJAS-DD135","pid":8332,"level":30,"msg":"DB Connected successfully...","time":"2020-02-11T12:09:38.877Z","v":0}
{"name":"dsc","hostname":"OJAS-DD135","pid":8717,"level":30,"msg":"DB Connected successfully...","time":"2020-02-11T12:12:30.655Z","v":0}
{"name":"dsc","hostname":"OJAS-DD135","pid":8852,"level":30,"msg":"DB Connected successfully...","time":"2020-02-11T12:13:41.093Z","v":0}
{"name":"dsc","hostname":"OJAS-DD135","pid":9073,"level":30,"msg":"DB Connected successfully...","time":"2020-02-11T12:15:04.492Z","v":0}
{"name":"dsc","hostname":"OJAS-DD135","pid":9169,"level":30,"msg":"DB Connected successfully...","time":"2020-02-11T12:15:35.638Z","v":0}
{"name":"dsc","hostname":"OJAS-DD135","pid":9252,"level":30,"msg":"DB Connected successfully...","time":"2020-02-11T12:15:52.954Z","v":0}
{"name":"dsc","hostname":"OJAS-DD135","pid":9489,"level":30,"msg":"DB Connected successfully...","time":"2020-02-11T12:16:51.337Z","v":0}
{"name":"dsc","hostname":"OJAS-DD135","pid":9661,"level":30,"msg":"DB Connected successfully...","time":"2020-02-11T12:17:34.714Z","v":0}
{"name":"dsc","hostname":"OJAS-DD135","pid":9661,"level":30,"msg":"DB Connected successfully...","time":"2020-02-11T12:18:08.314Z","v":0}
{"name":"dsc","hostname":"OJAS-DD135","pid":9812,"level":30,"msg":"DB Connected successfully...","time":"2020-02-11T12:18:33.851Z","v":0}
{"name":"dsc","hostname":"OJAS-DD135","pid":10110,"level":30,"msg":"DB Connected successfully...","time":"2020-02-11T12:20:29.327Z","v":0}
{"name":"dsc","hostname":"OJAS-DD135","pid":10290,"level":30,"msg":"DB Connected successfully...","time":"2020-02-11T12:21:21.779Z","v":0}
{"name":"dsc","hostname":"OJAS-DD135","pid":10361,"level":30,"msg":"DB Connected successfully...","time":"2020-02-11T12:21:39.701Z","v":0}
{"name":"dsc","hostname":"OJAS-DD135","pid":10413,"level":30,"msg":"DB Connected successfully...","time":"2020-02-11T12:22:11.061Z","v":0}
{"name":"dsc","hostname":"OJAS-DD135","pid":10518,"level":30,"msg":"DB Connected successfully...","time":"2020-02-11T12:22:36.073Z","v":0}
{"name":"dsc","hostname":"OJAS-DD135","pid":10700,"level":30,"msg":"DB Connected successfully...","time":"2020-02-11T12:24:01.898Z","v":0}
{"name":"dsc","hostname":"OJAS-DD135","pid":10764,"level":30,"msg":"DB Connected successfully...","time":"2020-02-11T12:24:26.152Z","v":0}
{"name":"dsc","hostname":"OJAS-DD135","pid":10823,"level":30,"msg":"DB Connected successfully...","time":"2020-02-11T12:25:06.237Z","v":0}
{"name":"dsc","hostname":"OJAS-DD135","pid":10823,"level":50,"msg":"Company DAO errorTypeError: db.findOne(...).toArray is not a function","time":"2020-02-11T12:25:06.247Z","v":0}
{"name":"dsc","hostname":"OJAS-DD135","pid":10872,"level":30,"msg":"DB Connected successfully...","time":"2020-02-11T12:25:20.981Z","v":0}
{"name":"dsc","hostname":"OJAS-DD135","pid":10919,"level":30,"msg":"DB Connected successfully...","time":"2020-02-11T12:25:37.370Z","v":0}
{"name":"dsc","hostname":"OJAS-DD135","pid":10919,"level":50,"msg":"Company DAO errorTypeError: db.findOne(...).toArray is not a function","time":"2020-02-11T12:25:37.375Z","v":0}
{"name":"dsc","hostname":"OJAS-DD135","pid":11188,"level":30,"msg":"DB Connected successfully...","time":"2020-02-11T12:27:35.856Z","v":0}
{"name":"dsc","hostname":"OJAS-DD135","pid":11188,"level":30,"msg":"DB Connected successfully...","time":"2020-02-11T12:28:26.423Z","v":0}
{"name":"dsc","hostname":"OJAS-DD135","pid":11188,"level":30,"msg":"DB Connected successfully...","time":"2020-02-11T12:28:43.330Z","v":0}
{"name":"dsc","hostname":"OJAS-DD135","pid":12715,"level":30,"msg":"DB Connected successfully...","time":"2020-02-11T12:45:18.111Z","v":0}
{"name":"dsc","hostname":"OJAS-DD135","pid":12715,"level":30,"msg":"Comapny Controller called","time":"2020-02-11T12:45:40.274Z","v":0}
{"name":"dsc","hostname":"OJAS-DD135","pid":12715,"level":30,"msg":"Company service called","time":"2020-02-11T12:45:40.275Z","v":0}
{"name":"dsc","hostname":"OJAS-DD135","pid":12715,"level":30,"msg":"DB Connected successfully...","time":"2020-02-11T12:45:40.276Z","v":0}
{"name":"dsc","hostname":"OJAS-DD135","pid":12715,"level":30,"msg":"Comapany DAO called","time":"2020-02-11T12:45:40.280Z","v":0}
{"name":"dsc","hostname":"OJAS-DD135","pid":12715,"level":30,"msg":"DB Connected successfully...","time":"2020-02-11T12:49:58.278Z","v":0}
{"name":"dsc","hostname":"OJAS-DD135","pid":12715,"level":30,"msg":"Comapny Controller called","time":"2020-02-11T12:50:44.634Z","v":0}
{"name":"dsc","hostname":"OJAS-DD135","pid":12715,"level":30,"msg":"Company service called","time":"2020-02-11T12:50:44.634Z","v":0}
{"name":"dsc","hostname":"OJAS-DD135","pid":12715,"level":30,"msg":"DB Connected successfully...","time":"2020-02-11T12:50:44.635Z","v":0}
{"name":"dsc","hostname":"OJAS-DD135","pid":12715,"level":30,"msg":"Comapany DAO called","time":"2020-02-11T12:50:44.636Z","v":0}
{"name":"dsc","hostname":"OJAS-DD135","pid":12715,"level":30,"msg":"DB Connected successfully...","time":"2020-02-11T12:50:58.483Z","v":0}
{"name":"dsc","hostname":"OJAS-DD135","pid":14669,"level":30,"msg":"DB Connected successfully...","time":"2020-02-11T13:06:47.613Z","v":0}
{"name":"dsc","hostname":"OJAS-DD135","pid":14904,"level":30,"msg":"DB Connected successfully...","time":"2020-02-11T13:07:25.300Z","v":0}
{"name":"dsc","hostname":"OJAS-DD135","pid":15194,"level":30,"msg":"DB Connected successfully...","time":"2020-02-11T13:08:39.293Z","v":0}
{"name":"dsc","hostname":"OJAS-DD135","pid":15272,"level":30,"msg":"DB Connected successfully...","time":"2020-02-11T13:09:03.495Z","v":0}
{"name":"dsc","hostname":"OJAS-DD135","pid":15329,"level":30,"msg":"DB Connected successfully...","time":"2020-02-11T13:09:24.078Z","v":0}
{"name":"dsc","hostname":"OJAS-DD135","pid":17369,"level":30,"msg":"DB Connected successfully...","time":"2020-02-11T13:19:51.568Z","v":0}
{"name":"dsc","hostname":"OJAS-DD135","pid":17369,"level":30,"msg":"DB Connected successfully...","time":"2020-02-11T13:20:06.019Z","v":0}
{"name":"dsc","hostname":"OJAS-DD135","pid":19493,"level":30,"msg":"DB Connected successfully...","time":"2020-02-11T13:34:51.955Z","v":0}
{"name":"dsc","hostname":"OJAS-DD135","pid":19865,"level":30,"msg":"DB Connected successfully...","time":"2020-02-11T13:38:07.832Z","v":0}
{"name":"dsc","hostname":"OJAS-DD135","pid":19941,"level":30,"msg":"DB Connected successfully...","time":"2020-02-11T13:38:40.846Z","v":0}
{"name":"dsc","hostname":"OJAS-DD135","pid":20626,"level":30,"msg":"DB Connected successfully...","time":"2020-02-11T13:55:58.744Z","v":0}
{"name":"dsc","hostname":"OJAS-DD135","pid":21015,"level":30,"msg":"DB Connected successfully...","time":"2020-02-11T14:03:15.351Z","v":0}
{"name":"dsc","hostname":"OJAS-DD135","pid":21166,"level":30,"msg":"DB Connected successfully...","time":"2020-02-11T14:05:02.553Z","v":0}
{"name":"dsc","hostname":"OJAS-DD135","pid":21562,"level":30,"msg":"DB Connected successfully...","time":"2020-02-11T14:12:09.659Z","v":0}
{"name":"dsc","hostname":"OJAS-DD135","pid":21658,"level":30,"msg":"DB Connected successfully...","time":"2020-02-11T14:12:38.423Z","v":0}
{"name":"dsc","hostname":"OJAS-DD135","pid":22757,"level":30,"msg":"DB Connected successfully...","time":"2020-02-11T14:27:42.737Z","v":0}
{"name":"dsc","hostname":"OJAS-DD135","pid":23160,"level":30,"msg":"DB Connected successfully...","time":"2020-02-11T14:30:29.278Z","v":0}
{"name":"dsc","hostname":"OJAS-DD135","pid":23265,"level":30,"msg":"DB Connected successfully...","time":"2020-02-11T14:31:12.662Z","v":0}
{"name":"dsc","hostname":"OJAS-DD135","pid":23843,"level":30,"msg":"DB Connected successfully...","time":"2020-02-11T14:40:25.320Z","v":0}
{"name":"dsc","hostname":"OJAS-DD135","pid":24561,"level":30,"msg":"DB Connected successfully...","time":"2020-02-11T14:50:05.939Z","v":0}
{"name":"dsc","hostname":"OJAS-DD135","pid":25116,"level":30,"msg":"DB Connected successfully...","time":"2020-02-11T14:56:20.239Z","v":0}
{"name":"dsc","hostname":"OJAS-DD135","pid":25225,"level":30,"msg":"DB Connected successfully...","time":"2020-02-11T14:56:52.369Z","v":0}
{"name":"dsc","hostname":"OJAS-DD135","pid":25463,"level":30,"msg":"DB Connected successfully...","time":"2020-02-11T14:58:30.338Z","v":0}
{"name":"dsc","hostname":"OJAS-DD135","pid":25463,"level":50,"msg":"Company DAO errorTypeError: db.find(...).lean is not a function","time":"2020-02-11T14:58:30.343Z","v":0}
{"name":"dsc","hostname":"OJAS-DD135","pid":25609,"level":30,"msg":"DB Connected successfully...","time":"2020-02-11T14:59:04.186Z","v":0}
{"name":"dsc","hostname":"OJAS-DD135","pid":25609,"level":50,"msg":"Company DAO errorTypeError: db.find(...).exec is not a function","time":"2020-02-11T14:59:04.189Z","v":0}
{"name":"dsc","hostname":"OJAS-DD135","pid":25997,"level":30,"msg":"DB Connected successfully...","time":"2020-02-11T15:01:49.585Z","v":0}
{"name":"dsc","hostname":"OJAS-DD135","pid":26481,"level":30,"msg":"DB Connected successfully...","time":"2020-02-11T15:05:23.926Z","v":0}
{"name":"dsc","hostname":"OJAS-DD135","pid":26592,"level":30,"msg":"DB Connected successfully...","time":"2020-02-11T15:06:47.715Z","v":0}
{"name":"dsc","hostname":"OJAS-DD135","pid":26761,"level":30,"msg":"DB Connected successfully...","time":"2020-02-11T15:08:12.584Z","v":0}
{"name":"dsc","hostname":"OJAS-DD135","pid":26761,"level":30,"msg":"DB Connected successfully...","time":"2020-02-11T15:09:06.436Z","v":0}
{"name":"dsc","hostname":"OJAS-DD135","pid":26761,"level":30,"msg":"Comapny Controller called","time":"2020-02-11T15:10:44.062Z","v":0}
{"name":"dsc","hostname":"OJAS-DD135","pid":26761,"level":30,"msg":"Company service called","time":"2020-02-11T15:10:44.063Z","v":0}
{"name":"dsc","hostname":"OJAS-DD135","pid":26761,"level":30,"msg":"DB Connected successfully...","time":"2020-02-11T15:10:44.063Z","v":0}
{"name":"dsc","hostname":"OJAS-DD135","pid":26761,"level":30,"msg":"Comapany DAO called","time":"2020-02-11T15:10:44.065Z","v":0}
{"name":"dsc","hostname":"OJAS-DD135","pid":26761,"level":30,"msg":"DB Connected successfully...","time":"2020-02-11T15:11:41.172Z","v":0}
{"name":"dsc","hostname":"OJAS-DD135","pid":27062,"level":30,"msg":"DB Connected successfully...","time":"2020-02-11T15:13:18.920Z","v":0}
{"name":"dsc","hostname":"OJAS-DD135","pid":27632,"level":30,"msg":"DB Connected successfully...","time":"2020-02-11T15:17:49.274Z","v":0}
{"name":"dsc","hostname":"OJAS-DD135","pid":28134,"level":30,"msg":"DB Connected successfully...","time":"2020-02-11T15:20:24.657Z","v":0}
{"name":"dsc","hostname":"OJAS-DD135","pid":28217,"level":30,"msg":"DB Connected successfully...","time":"2020-02-11T15:20:47.255Z","v":0}
{"name":"dsc","hostname":"OJAS-DD135","pid":28259,"level":30,"msg":"DB Connected successfully...","time":"2020-02-11T15:21:10.003Z","v":0}
{"name":"dsc","hostname":"OJAS-DD135","pid":28942,"level":30,"msg":"DB Connected successfully...","time":"2020-02-11T15:26:50.621Z","v":0}
{"name":"dsc","hostname":"OJAS-DD135","pid":6422,"level":30,"msg":"DB Connected successfully...","time":"2020-02-11T16:35:46.398Z","v":0}
{"name":"dsc","hostname":"OJAS-DD135","pid":6576,"level":30,"msg":"DB Connected successfully...","time":"2020-02-11T16:36:11.026Z","v":0}
{"name":"dsc","hostname":"OJAS-DD135","pid":6628,"level":30,"msg":"DB Connected successfully...","time":"2020-02-11T16:36:48.437Z","v":0}
{"name":"dsc","hostname":"OJAS-DD135","pid":6695,"level":30,"msg":"DB Connected successfully...","time":"2020-02-11T16:37:03.018Z","v":0}
{"name":"dsc","hostname":"OJAS-DD135","pid":6858,"level":30,"msg":"DB Connected successfully...","time":"2020-02-11T16:38:07.594Z","v":0}
{"name":"dsc","hostname":"OJAS-DD135","pid":6858,"level":50,"msg":"Error occured at company servicesTypeError: Cannot set property 'token' of undefined","time":"2020-02-11T16:38:07.608Z","v":0}
{"name":"dsc","hostname":"OJAS-DD135","pid":6924,"level":30,"msg":"DB Connected successfully...","time":"2020-02-11T16:38:34.227Z","v":0}
{"name":"dsc","hostname":"OJAS-DD135","pid":6924,"level":50,"msg":"Error occured at company servicesTypeError: Cannot set property 'token' of undefined","time":"2020-02-11T16:38:34.246Z","v":0}
{"name":"dsc","hostname":"OJAS-DD135","pid":7187,"level":30,"msg":"DB Connected successfully...","time":"2020-02-11T16:39:34.211Z","v":0}
{"name":"dsc","hostname":"OJAS-DD135","pid":11900,"level":30,"msg":"Comapny Controller called","time":"2020-02-11T17:11:09.507Z","v":0}
{"name":"dsc","hostname":"OJAS-DD135","pid":11900,"level":30,"msg":"Company service called","time":"2020-02-11T17:11:09.509Z","v":0}
{"name":"dsc","hostname":"OJAS-DD135","pid":11900,"level":30,"msg":"DB Connected successfully...","time":"2020-02-11T17:11:09.540Z","v":0}
{"name":"dsc","hostname":"OJAS-DD135","pid":11900,"level":30,"msg":"Comapany DAO called","time":"2020-02-11T17:11:09.550Z","v":0}
{"name":"dsc","hostname":"OJAS-DD135","pid":11900,"level":30,"msg":"DB Connected successfully...","time":"2020-02-11T17:11:18.611Z","v":0}
{"name":"dsc","hostname":"OJAS-DD135","pid":8650,"level":30,"msg":"DB Connected successfully...","time":"2020-02-12T05:44:26.653Z","v":0}
{"name":"dsc","hostname":"OJAS-DD135","pid":8650,"level":30,"msg":"Comapny Controller called","time":"2020-02-12T05:44:46.606Z","v":0}
{"name":"dsc","hostname":"OJAS-DD135","pid":8650,"level":30,"msg":"Company service called","time":"2020-02-12T05:44:46.607Z","v":0}
{"name":"dsc","hostname":"OJAS-DD135","pid":8650,"level":30,"msg":"DB Connected successfully...","time":"2020-02-12T05:44:46.607Z","v":0}
{"name":"dsc","hostname":"OJAS-DD135","pid":8650,"level":50,"msg":"Company DAO errorMongoError: db already exists with different case already have: [DSC] trying to create [dsc]","time":"2020-02-12T05:44:47.092Z","v":0}
{"name":"dsc","hostname":"OJAS-DD135","pid":8650,"level":50,"msg":"Error at company controller","time":"2020-02-12T05:44:47.092Z","v":0}
{"name":"dsc","hostname":"OJAS-DD135","pid":8650,"level":30,"msg":"DB Connected successfully...","time":"2020-02-12T05:45:06.220Z","v":0}
{"name":"dsc","hostname":"OJAS-DD135","pid":8650,"level":30,"msg":"DB Connected successfully...","time":"2020-02-12T05:45:07.293Z","v":0}
{"name":"dsc","hostname":"OJAS-DD135","pid":8650,"level":30,"msg":"DB Connected successfully...","time":"2020-02-12T05:45:08.374Z","v":0}
{"name":"dsc","hostname":"OJAS-DD135","pid":8650,"level":30,"msg":"Comapny Controller called","time":"2020-02-12T05:45:35.579Z","v":0}
{"name":"dsc","hostname":"OJAS-DD135","pid":8650,"level":30,"msg":"Company service called","time":"2020-02-12T05:45:35.579Z","v":0}
{"name":"dsc","hostname":"OJAS-DD135","pid":8650,"level":30,"msg":"DB Connected successfully...","time":"2020-02-12T05:45:35.579Z","v":0}
{"name":"dsc","hostname":"OJAS-DD135","pid":8650,"level":50,"msg":"Company DAO errorMongoError: db already exists with different case already have: [DSC] trying to create [dsc]","time":"2020-02-12T05:45:35.581Z","v":0}
{"name":"dsc","hostname":"OJAS-DD135","pid":8650,"level":50,"msg":"Error at company controller","time":"2020-02-12T05:45:35.581Z","v":0}
{"name":"dsc","hostname":"OJAS-DD135","pid":11324,"level":30,"msg":"Comapny Controller called","time":"2020-02-12T05:46:05.786Z","v":0}
{"name":"dsc","hostname":"OJAS-DD135","pid":11324,"level":30,"msg":"Company service called","time":"2020-02-12T05:46:05.787Z","v":0}
{"name":"dsc","hostname":"OJAS-DD135","pid":11324,"level":30,"msg":"DB Connected successfully...","time":"2020-02-12T05:46:05.825Z","v":0}
{"name":"dsc","hostname":"OJAS-DD135","pid":11324,"level":50,"msg":"Company DAO errorMongoError: db already exists with different case already have: [DSC] trying to create [dsc]","time":"2020-02-12T05:46:05.840Z","v":0}
{"name":"dsc","hostname":"OJAS-DD135","pid":11324,"level":50,"msg":"Error at company controller","time":"2020-02-12T05:46:05.840Z","v":0}
{"name":"dsc","hostname":"OJAS-DD135","pid":11416,"level":30,"msg":"Comapny Controller called","time":"2020-02-12T05:46:44.791Z","v":0}
{"name":"dsc","hostname":"OJAS-DD135","pid":11416,"level":30,"msg":"Company service called","time":"2020-02-12T05:46:44.792Z","v":0}
{"name":"dsc","hostname":"OJAS-DD135","pid":11416,"level":30,"msg":"DB Connected successfully...","time":"2020-02-12T05:46:44.826Z","v":0}
{"name":"dsc","hostname":"OJAS-DD135","pid":11416,"level":50,"msg":"Company DAO errorMongoError: db already exists with different case already have: [DSC] trying to create [dsc]","time":"2020-02-12T05:46:44.840Z","v":0}
{"name":"dsc","hostname":"OJAS-DD135","pid":11416,"level":50,"msg":"Error at company controller","time":"2020-02-12T05:46:44.840Z","v":0}
